CPU based
Hyper
cset: --> last message, executed args into cpuset "/set3", new pid is: 3693648
10 25 0.5
0.7151767151767152 0.6615336141370193 0.6451355451820743 0.5709452017649093 0.30554652214050293 155.82421875
cset: --> last message, executed args into cpuset "/set3", new pid is: 3693701
10 25 0.5
0.6514032496307238 0.607584068246612 0.4617753741137404 0.4056923116157115 0.44143223762512207 260.359375
cset: --> last message, executed args into cpuset "/set3", new pid is: 3693760
10 25 0.5
0.5919497784342689 0.5197750117447429 0.4122643216134578 0.3378804101407946 0.45641374588012695 259.84765625
cset: --> last message, executed args into cpuset "/set3", new pid is: 3693803
10 25 0.5
0.6618357487922706 0.6146238211808713 0.39167449718856384 0.39704886096347175 0.712090015411377 337.02734375
cset: --> last message, executed args into cpuset "/set3", new pid is: 3693859
10 25 0.5
0.7118581455485777 0.6584966976794205 0.40862054962966027 0.46899060630789624 9.222704648971558 2492.94921875
cset: --> last message, executed args into cpuset "/set3", new pid is: 3694007
10 25 0.5
0.7971526802576147 0.7744104294621588 0.6316216378867403 0.6324229710310674 36.975857973098755 3374.54296875
Undirected
cset: --> last message, executed args into cpuset "/set3", new pid is: 3694493
50 25 0.5
===== loading undirected cora =====
0.7230428360413589 0.6864078204257973 0.5561452202118503 0.4838361179810485 1.3571200370788574 1308.84765625
cset: --> last message, executed args into cpuset "/set3", new pid is: 3694798
50 25 0.4
===== loading undirected citeseer =====
0.690712353471596 0.6505350871206392 0.4375414094643722 0.4501408812871219 2.238809108734131 3443.75
cset: --> last message, executed args into cpuset "/set3", new pid is: 3695082
50 25 0.06
===== loading undirected pubmed =====
0.7043160724248111 0.6928484032582012 0.305513443232198 0.3298810021853528 12.104874849319458 2973.5703125
cset: --> last message, executed args into cpuset "/set3", new pid is: 3695482
50 25 0.5
===== loading undirected wiki =====
0.5509355509355509 0.4674796440778135 0.5434578878803701 0.3527500199570744 0.8680148124694824 721.5625
Directed
cset: --> last message, executed args into cpuset "/set3", new pid is: 3695556
50 25 0.4
===== loading directed citeseer =====
0.6959541062801933 0.6514819385534539 0.44375910221982406 0.45975690473614494 1.0765235424041748 290.18359375
cset: --> last message, executed args into cpuset "/set3", new pid is: 3695597
50 25 0.5
===== loading directed cora_ml =====
0.7342237061769616 0.7021252054967693 0.5724198829894469 0.48356815608341785 0.6558449268341064 350.35546875
Multi
cset: --> last message, executed args into cpuset "/set3", new pid is: 3695659
50 25 0.7
0.9282644628099174 0.9287910334071721 0.7406995156123234 0.7974120110406894 1.8347980976104736 1169.5859375
cset: --> last message, executed args into cpuset "/set3", new pid is: 3695953
50 25 0.4
0.5763380281690141 0.5442223497560276 0.17583089416082195 0.19530962846176558 1.6853952407836914 1512.890625
cset: --> last message, executed args into cpuset "/set3", new pid is: 3696255
50 25 0.1
0.9334483608577767 0.929283668020721 0.7855255877629129 0.8389441349905445 4.219729900360107 714.8984375
