GPU based
Hyper
cset: --> last message, executed args into cpuset "/set3", new pid is: 539532
query npz: knn neighbors = 10
10 25 0.5
time:0.19311054992675783 0.19268474578857422
mean:0.7193347193347195 0.6637869308761619 0.6662457350673588 0.577673981662908
std :1.1102230246251565e-16 0.0 1.1102230246251565e-16 1.1102230246251565e-16
0.7193347193347194 0.6637869308761619 0.6662457350673587 0.5776739816629078 0.19102716445922852 2310.10546875
cset: --> last message, executed args into cpuset "/set3", new pid is: 539609
cora coauthorship: knn neighbors = 10
10 25 0.5
time:0.2503689773559571 0.24996182918548585
mean:0.6528803545051699 0.6097162973327964 0.46939709323111173 0.4107678894953322
std :0.0 0.0 5.551115123125783e-17 5.551115123125783e-17
0.6528803545051699 0.6097162973327964 0.4693970932311118 0.41076788949533216 0.24820685386657715 2372.69921875
cset: --> last message, executed args into cpuset "/set3", new pid is: 539686
cora cocitation: knn neighbors = 10
10 25 0.5
time:0.2997278137207031 0.2990641355514526
mean:0.5801329394387001 0.5353288136595793 0.39471289752351757 0.31121417991865247
std :0.0 1.1102230246251565e-16 0.0 0.0
0.5801329394387001 0.5353288136595792 0.39471289752351757 0.31121417991865247 0.29640889167785645 2410.9921875
cset: --> last message, executed args into cpuset "/set3", new pid is: 539802
citeseer cocitation: knn neighbors = 10
10 25 0.5
time:0.6442434936523438 0.6435547113418579
mean:0.6681763285024155 0.6201381913381255 0.38747331567532045 0.4104131598494412
std :0.0 1.1102230246251565e-16 5.551115123125783e-17 5.551115123125783e-17
0.6681763285024155 0.6201381913381254 0.3874733156753204 0.41041315984944116 0.6455338001251221 2534.171875
cset: --> last message, executed args into cpuset "/set3", new pid is: 539894
20news npz: knn neighbors = 10
10 25 0.5
time:0.26822673645019535 0.26710050106048583
mean:0.7121044206378525 0.6660157049920369 0.4072991257861231 0.4648945146554278
std :0.0 1.1102230246251565e-16 5.551115123125783e-17 0.0
0.7121044206378525 0.6660157049920368 0.40729912578612315 0.4648945146554278 0.2655794620513916 2367.12109375
cset: --> last message, executed args into cpuset "/set3", new pid is: 540010
dblp coauthorship: knn neighbors = 10
10 25 0.5
time:0.5669574340820314 0.5646433353424072
mean:0.8083143673429857 0.7873815064645767 0.6434309330231454 0.6460906988204477
std :1.1102230246251565e-16 0.0 0.0 1.1102230246251565e-16
0.8083143673429858 0.7873815064645767 0.6434309330231454 0.6460906988204476 0.5633635520935059 3317.05859375
cset: --> last message, executed args into cpuset "/set3", new pid is: 540123
amazon npz: knn neighbors = 10
10 1 0.4
time:nan nan
mean:0.647777440243589 0.4866798304270948 0.63573191817376 0.5097869165644716
std :0.0 0.0 0.0 0.0
0.647777440243589 0.4866798304270948 0.63573191817376 0.5097869165644716 158.48457884788513 37722.8046875
cset: --> last message, executed args into cpuset "/set3", new pid is: 540951
magpm npz: knn neighbors = 10
10 1 0.4
time:nan nan
mean:0.558583786888338 0.3926251590606098 0.5454931841741817 0.4542976787172999
std :0.0 0.0 0.0 0.0
0.558583786888338 0.3926251590606098 0.5454931841741817 0.4542976787172999 124.40144491195679 39563.07421875
Undirected
cset: --> last message, executed args into cpuset "/set3", new pid is: 541660
cora coauthorship: knn neighbors = 50
50 25 0.4
===== loading undirected cora =====
time:0.20290115661621094 0.20223991870880126
mean:0.6827917282127032 0.6212666799335171 0.532704714503527 0.46966518254489914
std :1.1102230246251565e-16 1.1102230246251565e-16 1.1102230246251565e-16 5.551115123125783e-17
0.6827917282127031 0.6212666799335173 0.5327047145035269 0.4696651825448991 0.2002277374267578 2341.8203125
cset: --> last message, executed args into cpuset "/set3", new pid is: 541747
citeseer coauthorship: knn neighbors = 50
50 25 0.4
===== loading undirected citeseer =====
time:0.4915457763671875 0.4907353639602661
mean:0.6904117823865344 0.6493454083157018 0.43708508466807017 0.45056233610418234
std :0.0 1.1102230246251565e-16 0.0 5.551115123125783e-17
0.6904117823865344 0.6493454083157019 0.43708508466807017 0.4505623361041823 0.48950839042663574 2404.35546875
cset: --> last message, executed args into cpuset "/set3", new pid is: 541861
pubmed coauthorship: knn neighbors = 50
50 25 0.06
===== loading undirected pubmed =====
time:0.31629332885742184 0.3130308151245117
mean:0.6969112948217273 0.6849063280892087 0.29285571014681555 0.31682521549007614
std :1.1102230246251565e-16 1.1102230246251565e-16 5.551115123125783e-17 0.0
0.6969112948217274 0.6849063280892086 0.2928557101468156 0.31682521549007614 0.3147306442260742 2617.453125
cset: --> last message, executed args into cpuset "/set3", new pid is: 541938
wiki coauthorship: knn neighbors = 50
50 25 0.5
===== loading undirected wiki =====
time:0.3540736236572265 0.3533918857574463
mean:0.5596673596673598 0.48743322950445295 0.5471596672818005 0.36758664402606983
std :1.1102230246251565e-16 0.0 1.1102230246251565e-16 0.0
0.5596673596673597 0.48743322950445295 0.5471596672818007 0.36758664402606983 0.3554351329803467 2413.0703125
Directed
cset: --> last message, executed args into cpuset "/set3", new pid is: 542051
citeseer coauthorship: knn neighbors = 50
50 25 0.4
===== loading directed citeseer =====
time:0.4900105163574219 0.4893765926361084
mean:0.6944444444444445 0.6523862067201317 0.44119587613562405 0.45358341375120953
std :1.1102230246251565e-16 1.1102230246251565e-16 0.0 0.0
0.6944444444444444 0.6523862067201318 0.44119587613562405 0.45358341375120953 0.4887411594390869 2389.39453125
cset: --> last message, executed args into cpuset "/set3", new pid is: 542132
cora_ml coauthorship: knn neighbors = 50
50 25 0.5
===== loading directed cora_ml =====
time:0.24944830169677737 0.24870612621307372
mean:0.728881469115192 0.6966720111027048 0.5659904835969759 0.47794435219496006
std :0.0 0.0 0.0 0.0
0.728881469115192 0.6966720111027048 0.5659904835969759 0.47794435219496006 0.25229978561401367 2373.93359375
Multi
cset: --> last message, executed args into cpuset "/set3", new pid is: 542242
acm coauthorship: knn neighbors = 50
50 25 0.7
time:0.16959918518066408 0.16445744037628174
mean:0.9240570999248685 0.9245266016308403 0.7302740422634276 0.7871265577090671
std :0.0008230241284825689 0.0007948272428838939 0.0023744112360278356 0.0022384757114335347
0.923305785123967 0.9238010269470952 0.7281065112721508 0.7850831183064344 0.15710759162902832 2528.80078125
cset: --> last message, executed args into cpuset "/set3", new pid is: 542313
imdb coauthorship: knn neighbors = 50
50 25 0.4
time:0.22090368347167968 0.21984283924102782
mean:0.5552112676056337 0.5109179305134682 0.16634033093372189 0.18407589766759297
std :1.1102230246251565e-16 0.0 0.0 2.7755575615628914e-17
0.5552112676056338 0.5109179305134682 0.16634033093372189 0.184075897667593 0.21737885475158691 2456.484375
cset: --> last message, executed args into cpuset "/set3", new pid is: 542390
dblp coauthorship: knn neighbors = 50
50 25 0.1
time:0.3755696411132813 0.3585935115814209
mean:0.9329553857530193 0.9288648949650163 0.784813724342425 0.8375923637171782
std :2.220446049250313e-16 1.1102230246251565e-16 0.0 0.0
0.9329553857530195 0.9288648949650162 0.784813724342425 0.8375923637171782 0.374619722366333 2716.74609375
